Using pre-set license
Built from '2020.2/release' branch; Version is '2020.2.1f1 (270dd8c3da1c) revision 2559448'; Using compiler version '192528614'; Build Type 'Release'
OS: 'Windows 10  (10.0.0) 64bit' Language: 'ru' Physical Memory: 16318 MB
BatchMode: 1, IsHumanControllingUs: 0, StartBugReporterOnCrash: 0, Is64bit: 1, IsPro: 0

 COMMAND LINE ARGUMENTS:
C:\Program Files\Unity\Hub\Editor\2020.2.1f1\Editor\Unity.exe
-adb2
-batchMode
-noUpm
-name
AssetImportWorker0
-projectPath
E:/Programming/Unity/MyFirstApp/TetrisNew
-logFile
Logs/AssetImportWorker0.log
-srvPort
55259
Successfully changed project path to: E:/Programming/Unity/MyFirstApp/TetrisNew
E:/Programming/Unity/MyFirstApp/TetrisNew
Using Asset Import Pipeline V2.
Refreshing native plugins compatible for Editor in 27.49 ms, found 0 plugins.
Preloading 0 native plugins for Editor in 0.00 ms.
Initialize engine version: 2020.2.1f1 (270dd8c3da1c)
[Subsystems] Discovering subsystems at path C:/Program Files/Unity/Hub/Editor/2020.2.1f1/Editor/Data/Resources/UnitySubsystems
[Subsystems] Discovering subsystems at path E:/Programming/Unity/MyFirstApp/TetrisNew/Assets
GfxDevice: creating device client; threaded=0
Direct3D:
    Version:  Direct3D 11.0 [level 11.1]
    Renderer: NVIDIA GeForce GTX 1660 (ID=0x2184)
    Vendor:   
    VRAM:     5991 MB
    Driver:   27.21.14.6089
Initialize mono
Mono path[0] = 'C:/Program Files/Unity/Hub/Editor/2020.2.1f1/Editor/Data/Managed'
Mono path[1] = 'C:/Program Files/Unity/Hub/Editor/2020.2.1f1/Editor/Data/MonoBleedingEdge/lib/mono/unityjit'
Mono config path = 'C:/Program Files/Unity/Hub/Editor/2020.2.1f1/Editor/Data/MonoBleedingEdge/etc'
Using monoOptions --debugger-agent=transport=dt_socket,embedding=1,server=y,suspend=n,address=127.0.0.1:56012
Begin MonoManager ReloadAssembly
Registering precompiled unity dll's ...
Register platform support module: C:/Program Files/Unity/Hub/Editor/2020.2.1f1/Editor/Data/PlaybackEngines/WindowsStandaloneSupport/UnityEditor.WindowsStandalone.Extensions.dll
Registered in 0.003978 seconds.
Native extension for WindowsStandalone target not found
Refreshing native plugins compatible for Editor in 29.17 ms, found 0 plugins.
Preloading 0 native plugins for Editor in 0.00 ms.
Invoked RoslynAnalysisRunner static constructor.
RoslynAnalysisRunner will not be running.
RoslynAnalysisRunner has terminated.
Mono: successfully reloaded assembly
- Completed reload, in  1.958 seconds
Platform modules already initialized, skipping
Registering precompiled user dll's ...
Registered in 0.000535 seconds.
Begin MonoManager ReloadAssembly
Native extension for WindowsStandalone target not found
Refreshing native plugins compatible for Editor in 31.16 ms, found 0 plugins.
Preloading 0 native plugins for Editor in 0.00 ms.
Invoked RoslynAnalysisRunner static constructor.
RoslynAnalysisRunner will not be running.
RoslynAnalysisRunner has terminated.
Mono: successfully reloaded assembly
- Completed reload, in  1.091 seconds
Platform modules already initialized, skipping
========================================================================
Worker process is ready to serve import requests
Launched and connected shader compiler UnityShaderCompiler.exe after 0.05 seconds
Refreshing native plugins compatible for Editor in 0.23 ms, found 0 plugins.
Preloading 0 native plugins for Editor in 0.00 ms.
Unloading 1285 Unused Serialized files (Serialized files now loaded: 0)
System memory in use before: 83.9 MB.
System memory in use after: 83.9 MB.

Unloading 22 unused Assets to reduce memory usage. Loaded Objects now: 1766.
Total: 2.560200 ms (FindLiveObjects: 0.233000 ms CreateObjectMapping: 0.109900 ms MarkObjects: 1.882400 ms  DeleteObjects: 0.333700 ms)

========================================================================
Received Import Request.
  path: Assets/Icon
  artifactKey: Guid(3094317f04aecc249a44cd3823deb9d0) Importer(815301076,1909f56bfc062723c751e8b465ee728b)
Start importing Assets/Icon using Guid(3094317f04aecc249a44cd3823deb9d0) Importer(815301076,1909f56bfc062723c751e8b465ee728b)  -> (artifact id: '5b92571cecd15a4625d7539a4f28574b') in 0.003280 seconds
  Import took 0.005230 seconds .

========================================================================
Received Import Request.
  Time since last request: 0.000217 seconds.
  path: Assets/Icon/tetris.png
  artifactKey: Guid(3ec5784c92f55bf489b7bbcc44ca1e7b) Importer(815301076,1909f56bfc062723c751e8b465ee728b)
Start importing Assets/Icon/tetris.png using Guid(3ec5784c92f55bf489b7bbcc44ca1e7b) Importer(815301076,1909f56bfc062723c751e8b465ee728b)  -> (artifact id: '6f093703871642cb2f9f3c9d3658f853') in 0.057760 seconds
  Import took 0.059650 seconds .

========================================================================
Received Import Request.
  Time since last request: 5.611548 seconds.
  path: Assets/Icon/Tetris.png
  artifactKey: Guid(3ec5784c92f55bf489b7bbcc44ca1e7b) Importer(815301076,1909f56bfc062723c751e8b465ee728b)
Start importing Assets/Icon/Tetris.png using Guid(3ec5784c92f55bf489b7bbcc44ca1e7b) Importer(815301076,1909f56bfc062723c751e8b465ee728b)  -> (artifact id: 'f85ff19a3f099b065dbbb076cd6676fe') in 0.010332 seconds
  Import took 0.012153 seconds .

========================================================================
Received Import Request.
  Time since last request: 88.963220 seconds.
  path: Assets/Icon/tetris (1).png
  artifactKey: Guid(77dff2e62862d3a4c895071e6ee4a508) Importer(815301076,1909f56bfc062723c751e8b465ee728b)
Start importing Assets/Icon/tetris (1).png using Guid(77dff2e62862d3a4c895071e6ee4a508) Importer(815301076,1909f56bfc062723c751e8b465ee728b)  -> (artifact id: 'e90e0d5c850e69d81c2fba10b8f86ae0') in 0.012932 seconds
  Import took 0.015024 seconds .

========================================================================
Received Import Request.
  Time since last request: 8.795125 seconds.
  path: Assets/Icon/Tetris FG.png
  artifactKey: Guid(77dff2e62862d3a4c895071e6ee4a508) Importer(815301076,1909f56bfc062723c751e8b465ee728b)
Start importing Assets/Icon/Tetris FG.png using Guid(77dff2e62862d3a4c895071e6ee4a508) Importer(815301076,1909f56bfc062723c751e8b465ee728b)  -> (artifact id: '659a8756ff2fb5a1e529ed2faee49590') in 0.012124 seconds
  Import took 0.014153 seconds .

========================================================================
Received Import Request.
  Time since last request: 21.330878 seconds.
  path: Assets/Icon/Tetris BG.png
  artifactKey: Guid(3ec5784c92f55bf489b7bbcc44ca1e7b) Importer(815301076,1909f56bfc062723c751e8b465ee728b)
Start importing Assets/Icon/Tetris BG.png using Guid(3ec5784c92f55bf489b7bbcc44ca1e7b) Importer(815301076,1909f56bfc062723c751e8b465ee728b)  -> (artifact id: 'eb9c02cd540b416a3917fe004e804408') in 0.013130 seconds
  Import took 0.016562 seconds .

========================================================================
Received Prepare
Registering precompiled user dll's ...
Registered in 0.000555 seconds.
Begin MonoManager ReloadAssembly
Native extension for WindowsStandalone target not found
Refreshing native plugins compatible for Editor in 0.80 ms, found 0 plugins.
Preloading 0 native plugins for Editor in 0.00 ms.
Invoked RoslynAnalysisRunner static constructor.
RoslynAnalysisRunner will not be running.
RoslynAnalysisRunner has terminated.
Mono: successfully reloaded assembly
- Completed reload, in  0.968 seconds
Platform modules already initialized, skipping
Refreshing native plugins compatible for Editor in 0.39 ms, found 0 plugins.
Preloading 0 native plugins for Editor in 0.00 ms.
Unloading 1244 Unused Serialized files (Serialized files now loaded: 0)
System memory in use before: 79.7 MB.
System memory in use after: 79.7 MB.

Unloading 7 unused Assets to reduce memory usage. Loaded Objects now: 1770.
Total: 1.653600 ms (FindLiveObjects: 0.117800 ms CreateObjectMapping: 0.036300 ms MarkObjects: 1.379200 ms  DeleteObjects: 0.119000 ms)

========================================================================
Received Prepare
Registering precompiled user dll's ...
Registered in 0.000631 seconds.
Begin MonoManager ReloadAssembly
Native extension for WindowsStandalone target not found
Refreshing native plugins compatible for Editor in 0.21 ms, found 0 plugins.
Preloading 0 native plugins for Editor in 0.00 ms.
Invoked RoslynAnalysisRunner static constructor.
RoslynAnalysisRunner will not be running.
RoslynAnalysisRunner has terminated.
Mono: successfully reloaded assembly
- Completed reload, in  1.024 seconds
Platform modules already initialized, skipping
Refreshing native plugins compatible for Editor in 0.21 ms, found 0 plugins.
Preloading 0 native plugins for Editor in 0.00 ms.
Unloading 1245 Unused Serialized files (Serialized files now loaded: 0)
System memory in use before: 79.9 MB.
System memory in use after: 79.8 MB.

Unloading 7 unused Assets to reduce memory usage. Loaded Objects now: 1772.
Total: 1.561500 ms (FindLiveObjects: 0.133300 ms CreateObjectMapping: 0.124900 ms MarkObjects: 1.181200 ms  DeleteObjects: 0.121100 ms)

========================================================================
Received Prepare
Registering precompiled user dll's ...
Registered in 0.000643 seconds.
Begin MonoManager ReloadAssembly
Native extension for WindowsStandalone target not found
Refreshing native plugins compatible for Editor in 0.24 ms, found 0 plugins.
Preloading 0 native plugins for Editor in 0.00 ms.
Invoked RoslynAnalysisRunner static constructor.
RoslynAnalysisRunner will not be running.
RoslynAnalysisRunner has terminated.
Mono: successfully reloaded assembly
- Completed reload, in  0.978 seconds
Platform modules already initialized, skipping
Refreshing native plugins compatible for Editor in 0.23 ms, found 0 plugins.
Preloading 0 native plugins for Editor in 0.00 ms.
Unloading 1245 Unused Serialized files (Serialized files now loaded: 0)
System memory in use before: 79.3 MB.
System memory in use after: 79.3 MB.

Unloading 7 unused Assets to reduce memory usage. Loaded Objects now: 1774.
Total: 1.621400 ms (FindLiveObjects: 0.145800 ms CreateObjectMapping: 0.043500 ms MarkObjects: 1.278500 ms  DeleteObjects: 0.152300 ms)

========================================================================
Received Prepare
Registering precompiled user dll's ...
Registered in 0.000580 seconds.
Begin MonoManager ReloadAssembly
Native extension for WindowsStandalone target not found
Refreshing native plugins compatible for Editor in 0.22 ms, found 0 plugins.
Preloading 0 native plugins for Editor in 0.00 ms.
Invoked RoslynAnalysisRunner static constructor.
RoslynAnalysisRunner will not be running.
RoslynAnalysisRunner has terminated.
Mono: successfully reloaded assembly
- Completed reload, in  1.130 seconds
Platform modules already initialized, skipping
Refreshing native plugins compatible for Editor in 0.23 ms, found 0 plugins.
Preloading 0 native plugins for Editor in 0.00 ms.
Unloading 1245 Unused Serialized files (Serialized files now loaded: 0)
System memory in use before: 79.6 MB.
System memory in use after: 79.5 MB.

Unloading 7 unused Assets to reduce memory usage. Loaded Objects now: 1776.
Total: 1.415200 ms (FindLiveObjects: 0.116000 ms CreateObjectMapping: 0.034400 ms MarkObjects: 1.144900 ms  DeleteObjects: 0.119000 ms)

========================================================================
Received Prepare
Registering precompiled user dll's ...
Registered in 0.001495 seconds.
Begin MonoManager ReloadAssembly
Native extension for WindowsStandalone target not found
Refreshing native plugins compatible for Editor in 0.22 ms, found 0 plugins.
Preloading 0 native plugins for Editor in 0.00 ms.
Invoked RoslynAnalysisRunner static constructor.
RoslynAnalysisRunner will not be running.
RoslynAnalysisRunner has terminated.
Mono: successfully reloaded assembly
- Completed reload, in  1.069 seconds
Platform modules already initialized, skipping
Refreshing native plugins compatible for Editor in 0.23 ms, found 0 plugins.
Preloading 0 native plugins for Editor in 0.00 ms.
Unloading 1245 Unused Serialized files (Serialized files now loaded: 0)
System memory in use before: 79.8 MB.
System memory in use after: 79.8 MB.

Unloading 7 unused Assets to reduce memory usage. Loaded Objects now: 1778.
Total: 1.885700 ms (FindLiveObjects: 0.148200 ms CreateObjectMapping: 0.046900 ms MarkObjects: 1.545500 ms  DeleteObjects: 0.143900 ms)

========================================================================
Received Prepare
Registering precompiled user dll's ...
Registered in 0.000562 seconds.
Begin MonoManager ReloadAssembly
Native extension for WindowsStandalone target not found
Refreshing native plugins compatible for Editor in 0.22 ms, found 0 plugins.
Preloading 0 native plugins for Editor in 0.00 ms.
Invoked RoslynAnalysisRunner static constructor.
RoslynAnalysisRunner will not be running.
RoslynAnalysisRunner has terminated.
Mono: successfully reloaded assembly
- Completed reload, in  1.121 seconds
Platform modules already initialized, skipping
Refreshing native plugins compatible for Editor in 0.22 ms, found 0 plugins.
Preloading 0 native plugins for Editor in 0.00 ms.
Unloading 1245 Unused Serialized files (Serialized files now loaded: 0)
System memory in use before: 79.9 MB.
System memory in use after: 79.9 MB.

Unloading 7 unused Assets to reduce memory usage. Loaded Objects now: 1780.
Total: 81.933800 ms (FindLiveObjects: 0.134400 ms CreateObjectMapping: 0.289200 ms MarkObjects: 81.381000 ms  DeleteObjects: 0.127800 ms)

========================================================================
Received Prepare
Registering precompiled user dll's ...
Registered in 0.001020 seconds.
Begin MonoManager ReloadAssembly
Native extension for WindowsStandalone target not found
Refreshing native plugins compatible for Editor in 0.40 ms, found 0 plugins.
Preloading 0 native plugins for Editor in 0.00 ms.
Invoked RoslynAnalysisRunner static constructor.
RoslynAnalysisRunner will not be running.
RoslynAnalysisRunner has terminated.
Mono: successfully reloaded assembly
- Completed reload, in  1.521 seconds
Platform modules already initialized, skipping
Refreshing native plugins compatible for Editor in 0.31 ms, found 0 plugins.
Preloading 0 native plugins for Editor in 0.00 ms.
Unloading 1245 Unused Serialized files (Serialized files now loaded: 0)
System memory in use before: 79.3 MB.
System memory in use after: 79.3 MB.

Unloading 7 unused Assets to reduce memory usage. Loaded Objects now: 1782.
Total: 2.291000 ms (FindLiveObjects: 0.194100 ms CreateObjectMapping: 0.074400 ms MarkObjects: 1.894500 ms  DeleteObjects: 0.126900 ms)

========================================================================
Received Prepare
Registering precompiled user dll's ...
Registered in 0.000561 seconds.
Begin MonoManager ReloadAssembly
Native extension for WindowsStandalone target not found
Refreshing native plugins compatible for Editor in 0.33 ms, found 0 plugins.
Preloading 0 native plugins for Editor in 0.00 ms.
Invoked RoslynAnalysisRunner static constructor.
RoslynAnalysisRunner will not be running.
RoslynAnalysisRunner has terminated.
Mono: successfully reloaded assembly
- Completed reload, in  1.078 seconds
Platform modules already initialized, skipping
Refreshing native plugins compatible for Editor in 0.23 ms, found 0 plugins.
Preloading 0 native plugins for Editor in 0.00 ms.
Unloading 1245 Unused Serialized files (Serialized files now loaded: 0)
System memory in use before: 79.6 MB.
System memory in use after: 79.6 MB.

Unloading 7 unused Assets to reduce memory usage. Loaded Objects now: 1784.
Total: 1.677700 ms (FindLiveObjects: 0.137700 ms CreateObjectMapping: 0.042900 ms MarkObjects: 1.368300 ms  DeleteObjects: 0.127300 ms)

========================================================================
Received Prepare
Refreshing native plugins compatible for Editor in 0.99 ms, found 0 plugins.
Preloading 0 native plugins for Editor in 0.00 ms.
Unloading 9 Unused Serialized files (Serialized files now loaded: 0)
System memory in use before: 57.7 MB.
System memory in use after: 57.6 MB.

Unloading 5 unused Assets to reduce memory usage. Loaded Objects now: 1784.
Total: 4.639000 ms (FindLiveObjects: 0.141600 ms CreateObjectMapping: 0.040300 ms MarkObjects: 4.261500 ms  DeleteObjects: 0.194400 ms)

AssetImportWorkerClient::OnTransportError - code=2 error=End of file
